********************************************************************************
DUPLICATOR-LITE PACKAGE-LOG: January 26, 2024 1:43 am
NOTICE: Do NOT post to public sites or forums 
********************************************************************************
VERSION:	1.5.8
WORDPRESS:	6.4.2
PHP INFO:	8.1.23 | SAPI: cgi-fcgi
SERVER:		nginx/1.16.0 
PHP TIME LIMIT: (0) no time limit imposed 
PHP MAX MEMORY: 4294967296 (256M default) 
MEMORY STACK: 12MB

********************************************************************************
DATABASE:
********************************************************************************
BUILD MODE:   PHP(query limit - 100)
MYSQLTIMEOUT: 5000
MYSQLDUMP:    Not Supported
TABLES: total:56 | filtered:0 | create:56
FILTERED: []
SQL CREATED: 20240126_shop_8b7122d18d66f7d91050_20240126014201_database.sql
SQL FILE SIZE: 1.88MB (1967731)
SQL FILE TIME: 2024-01-26 01:43:12
SQL RUNTIME: 1.47 sec.

********************************************************************************
ARCHIVE (ZIP):
********************************************************************************
ARCHIVE DIR:  C:/Users/Developer/Local Sites/shop/app/public
ARCHIVE FILE: 20240126_shop_8b7122d18d66f7d91050_20240126014201_archive.zip
FILTERS: *OFF*
DIRS:
	not set
FILES:
	not set
EXTS:  not set
----------------------------------------
COMPRESSING
SIZE:	378.3MB
STATS:	Dirs 5,287 | Files 34,542
SQL ADDED: 20240126_shop_8b7122d18d66f7d91050_20240126014201_database.sql
ZipArchive Object
(
    [lastId] => 39828
    [status] => 0
    [statusSys] => 0
    [numFiles] => 39829
    [filename] => C:\Users\Developer\Local Sites\shop\app\public\wp-content\backups-dup-lite\tmp\20240126_shop_8b7122d18d66f7d91050_20240126014201_archive.zip
    [comment] => 
)

FILE ADDED TO ZIP: 39828
COMPRESSION RESULT: '1'
COMPRESSED SIZE: 123.18MB
ARCHIVE RUNTIME: 889.17 sec.
MEMORY STACK: 30MB
building installer
ARCHIVE CONSISTENCY TEST: PASS

********************************************************************************
INTEGRITY CHECKS:
********************************************************************************
SQL FILE: 1.88MB
INSTALLER FILE: 73.47KB
ARCHIVE FILE: 125.52MB 
EXPECTED FILE/DIRECTORY COUNT: 39,829
ACTUAL FILE/DIRECTORY COUNT: 39,828
ARCHIVE CONSISTENCY TEST: Pass

********************************************************************************
RECORD ID:[1]
TOTAL PROCESS RUNTIME: 903.72 sec.
PEAK PHP MEMORY USED: 40MB
DONE PROCESSING => 20240126_shop January 26, 2024 1:58 am

